********************************************************************************
DUPLICATOR-LITE PACKAGE-LOG: 13 August 2021 14 h 12 min
NOTICE: Do NOT post to public sites or forums 
********************************************************************************
VERSION:	1.4.2
WORDPRESS:	5.8
PHP INFO:	7.4.22 | SAPI: apache2handler
SERVER:		Apache/2.4.38 (Debian) 
PHP TIME LIMIT: (0) no time limit imposed 
PHP MAX MEMORY: 4294967296 (64M default) 
MEMORY STACK: 10MB

********************************************************************************
DATABASE:
********************************************************************************
BUILD MODE:   PHP(query limit - 100)
MYSQLTIMEOUT: 5000
MYSQLDUMP:    Not Supported
TABLES: total:13 | filtered:0 | create:13
FILTERED: []
SQL CREATED: 20210813_inspirerrespirer_3769c43e225099459846_20210813141143_database.sql
SQL FILE SIZE: 1.03MB (1075936)
SQL FILE TIME: 2021-08-13 14:12:00
SQL RUNTIME: 0.43 sec.

********************************************************************************
ARCHIVE (ZIP):
********************************************************************************
ARCHIVE DIR:  /var/www/html
ARCHIVE FILE: 20210813_inspirerrespirer_3769c43e225099459846_20210813141143_archive.zip
FILTERS: *OFF*
DIRS:
	not set
FILES:
	not set
EXTS:  not set
----------------------------------------
COMPRESSING
SIZE:	85.61MB
STATS:	Dirs 363 | Files 2,934
SQL ADDED: 20210813_inspirerrespirer_3769c43e225099459846_20210813141143_database.sql
ZipArchive Object
(
    [status] => 0
    [statusSys] => 0
    [numFiles] => 3297
    [filename] => /var/www/html/wp-content/backups-dup-lite/tmp/20210813_inspirerrespirer_3769c43e225099459846_20210813141143_archive.zip
    [comment] => 
)

FILE ADDED TO ZIP: 3296
[PHP ERR][NOTICE] MSG:ob_flush(): failed to flush buffer. No buffer to flush [CODE:8|FILE:/var/www/html/wp-content/plugins/duplicator/classes/utilities/class.u.php|LINE:171]
do_action('wp_ajax_duplicator_package_build'), WP_Hook->do_action, WP_Hook->apply_filters, duplicator_package_build, DUP_Package->runZipBuild, DUP_Archive->build, DUP_Zip::create, DUP_Util::fcgiFlush, ob_flush, DUP_Handler::error, DUP_Handler::getMessage
COMPRESSION RESULT: '1'
COMPRESSED SIZE: 42.74MB
ARCHIVE RUNTIME: 68.06 sec.
MEMORY STACK: 10MB
building installer
add_extra_files1
add_extra_files2
add_extra_files3
add_extra_files4
Doing archive file check
add_extra_files5
add_extra_files6
add_extra_files8
Successfully opened zip /var/www/html/wp-content/backups-dup-lite/tmp/20210813_inspirerrespirer_3769c43e225099459846_20210813141143_archive.zip
Adding enhanced installer files to archive using ZipArchive
Installer files added to archive
Added to archive
After ziparchive close when adding installer

********************************************************************************
INTEGRITY CHECKS:
********************************************************************************
SQL FILE: 1.03MB
INSTALLER FILE: 64.26KB
ARCHIVE FILE: 44.1MB 
EXPECTED FILE/DIRECTORY COUNT: 3,297
ACTUAL FILE/DIRECTORY COUNT: 3,296
ARCHIVE CONSISTENCY TEST: Pass

********************************************************************************
RECORD ID:[1]
TOTAL PROCESS RUNTIME: 95.42 sec.
PEAK PHP MEMORY USED: 14MB
DONE PROCESSING => 20210813_inspirerrespirer 13 August 2021 14 h 13 min

